\BOOKMARK [0][-]{chapter*.2}{\376\377\000I\000n\000t\000r\000o\000d\000u\000c\000t\000i\000o\000n\000\040\000g\000\351\000n\000\351\000r\000a\000l\000e}{}% 1
\BOOKMARK [0][-]{section*.3}{\376\377\000G\000l\000o\000s\000s\000a\000i\000r\000e}{}% 2
\BOOKMARK [0][-]{chapter*.5}{\376\377\000S\000o\000m\000m\000a\000i\000r\000e}{}% 3
\BOOKMARK [-1][-]{part.1}{\376\377\000I\000\040\000P\000r\000\351\000l\000i\000m\000i\000n\000a\000i\000r\000e\000s}{}% 4
\BOOKMARK [0][-]{chapter.1}{\376\377\000I\000n\000d\000u\000c\000t\000i\000o\000n}{part.1}% 5
\BOOKMARK [1][-]{section.1.1}{\376\377\000E\000n\000s\000e\000m\000b\000l\000e\000\040\000i\000n\000d\000u\000c\000t\000i\000f}{chapter.1}% 6
\BOOKMARK [2][-]{subsection.1.1.1}{\376\377\000C\000o\000n\000s\000t\000r\000u\000c\000t\000i\000o\000n\000\040\000d\000'\000u\000n\000\040\000e\000n\000s\000e\000m\000b\000l\000e\000\040\000i\000n\000d\000u\000c\000t\000i\000f}{section.1.1}% 7
\BOOKMARK [2][-]{subsection.1.1.2}{\376\377\000R\000\351\000c\000u\000r\000s\000i\000o\000n\000\040\000e\000t\000\040\000i\000n\000d\000u\000c\000t\000i\000o\000n}{section.1.1}% 8
\BOOKMARK [1][-]{section.1.2}{\376\377\000R\000e\000l\000a\000t\000i\000o\000n\000\040\000i\000n\000d\000u\000c\000t\000i\000v\000e}{chapter.1}% 9
\BOOKMARK [2][-]{subsection.1.2.1}{\376\377\000C\000o\000n\000s\000t\000r\000u\000c\000t\000i\000o\000n\000\040\000d\000'\000u\000n\000e\000\040\000r\000e\000l\000a\000t\000i\000o\000n\000\040\000i\000n\000d\000u\000c\000t\000i\000v\000e}{section.1.2}% 10
\BOOKMARK [2][-]{subsection.1.2.2}{\376\377\000D\000\351\000r\000i\000v\000a\000t\000i\000o\000n\000\040\000d\000'\000a\000r\000b\000r\000e}{section.1.2}% 11
\BOOKMARK [0][-]{chapter.2}{\376\377\000L\000o\000g\000i\000q\000u\000e\000\040\000p\000r\000o\000p\000o\000s\000i\000t\000i\000o\000n\000n\000e\000l\000l\000e}{part.1}% 12
\BOOKMARK [1][-]{section.2.1}{\376\377\000D\000\351\000f\000i\000n\000i\000t\000i\000o\000n\000s}{chapter.2}% 13
\BOOKMARK [1][-]{section.2.2}{\376\377\000S\000\351\000q\000u\000e\000n\000t\000s\000\040\000p\000r\000o\000p\000o\000s\000i\000t\000i\000o\000n\000n\000e\000l\000s}{chapter.2}% 14
\BOOKMARK [2][-]{subsection.2.2.1}{\376\377\000T\000h\000\351\000o\000r\000\350\000m\000e\000\040\000d\000e\000\040\000c\000o\000m\000p\000a\000c\000i\000t\000\351}{section.2.2}% 15
\BOOKMARK [2][-]{subsection.2.2.2}{\376\377\000C\000a\000l\000c\000u\000l\000\040\000d\000e\000s\000\040\000s\000\351\000q\000u\000e\000n\000t\000s}{section.2.2}% 16
\BOOKMARK [2][-]{subsection.2.2.3}{\376\377\000C\000o\000r\000r\000e\000c\000t\000i\000o\000n\000\040\000d\000u\000\040\000c\000a\000l\000c\000u\000l\000\040\000d\000e\000s\000\040\000s\000\351\000q\000u\000e\000n\000t\000s}{section.2.2}% 17
\BOOKMARK [0][-]{chapter.3}{\376\377\000C\000a\000l\000c\000u\000l\000\040\000d\000e\000s\000\040\000p\000r\000\351\000d\000i\000c\000a\000t\000s}{part.1}% 18
\BOOKMARK [1][-]{section.3.1}{\376\377\000S\000i\000g\000n\000a\000t\000u\000r\000e\000s\000,\000\040\000t\000e\000r\000m\000e\000s\000\040\000e\000t\000\040\000f\000o\000r\000m\000u\000l\000e\000s}{chapter.3}% 19
\BOOKMARK [2][-]{subsection.3.1.1}{\376\377\000D\000\351\000f\000i\000n\000i\000t\000i\000o\000n\000\040\000d\000'\000u\000n\000e\000\040\000s\000i\000g\000n\000a\000t\000u\000r\000e}{section.3.1}% 20
\BOOKMARK [2][-]{subsection.3.1.2}{\376\377\000T\000e\000r\000m\000e\000s\000\040\000e\000t\000\040\000f\000o\000r\000m\000u\000l\000e\000s}{section.3.1}% 21
\BOOKMARK [2][-]{subsection.3.1.3}{\376\377\000V\000a\000r\000i\000a\000b\000l\000e\000s\000\040\000e\000t\000\040\000s\000u\000b\000s\000t\000i\000t\000u\000t\000i\000o\000n}{section.3.1}% 22
\BOOKMARK [1][-]{section.3.2}{\376\377\000B\000a\000s\000e\000s\000\040\000d\000e\000\040\000t\000h\000\351\000o\000r\000i\000e\000\040\000d\000e\000s\000\040\000m\000o\000d\000\350\000l\000e\000s}{chapter.3}% 23
\BOOKMARK [2][-]{subsection.3.2.1}{\376\377\000S\000t\000r\000u\000c\000t\000u\000r\000e\000\040\000e\000t\000\040\000i\000n\000t\000e\000r\000p\000r\000\351\000t\000a\000t\000i\000o\000n}{section.3.2}% 24
\BOOKMARK [2][-]{subsection.3.2.2}{\376\377\000S\000a\000t\000i\000s\000f\000a\000c\000t\000i\000o\000n\000,\000\040\000m\000o\000d\000\350\000l\000e}{section.3.2}% 25
\BOOKMARK [2][-]{subsection.3.2.3}{\376\377\000T\000h\000\351\000o\000r\000i\000e\000s\000\040\000e\000t\000\040\000c\000o\000n\000s\000\351\000q\000u\000e\000n\000c\000e\000\040\000l\000o\000g\000i\000q\000u\000e}{section.3.2}% 26
\BOOKMARK [2][-]{subsection.3.2.4}{\376\377\000M\000o\000r\000p\000h\000i\000s\000m\000e\000s\000\040\000d\000e\000\040\000m\000o\000d\000\350\000l\000e\000s}{section.3.2}% 27
\BOOKMARK [2][-]{subsection.3.2.5}{\376\377\000A\000g\000r\000a\000n\000d\000i\000r\000\040\000d\000e\000s\000\040\000m\000o\000d\000\350\000l\000e\000s}{section.3.2}% 28
\BOOKMARK [1][-]{section.3.3}{\376\377\000S\000y\000n\000t\000a\000x\000e\000\040\000d\000e\000\040\000p\000r\000e\000u\000v\000e\000s}{chapter.3}% 29
\BOOKMARK [2][-]{subsection.3.3.1}{\376\377\000D\000\351\000d\000u\000c\000t\000i\000o\000n\000\040\000n\000a\000t\000u\000r\000e\000l\000l\000e}{section.3.3}% 30
\BOOKMARK [2][-]{subsection.3.3.2}{\376\377\000T\000h\000\351\000o\000r\000\350\000m\000e\000\040\000d\000e\000\040\000c\000o\000m\000p\000l\000\351\000t\000u\000d\000e}{section.3.3}% 31
\BOOKMARK [0][-]{chapter.4}{\376\377\000T\000h\000\351\000o\000r\000i\000e\000\040\000d\000e\000s\000\040\000e\000n\000s\000e\000m\000b\000l\000e\000s\000\040\000o\000r\000d\000o\000n\000n\000\351\000s}{part.1}% 32
\BOOKMARK [1][-]{section.4.1}{\376\377\000E\000n\000s\000e\000m\000b\000l\000e\000s\000\040\000o\000r\000d\000o\000n\000n\000\351\000s}{chapter.4}% 33
\BOOKMARK [2][-]{subsection.4.1.1}{\376\377\000D\000\351\000f\000i\000n\000i\000t\000i\000o\000n\000s}{section.4.1}% 34
\BOOKMARK [2][-]{subsection.4.1.2}{\376\377\000D\000u\000a\000l\000i\000t\000\351}{section.4.1}% 35
\BOOKMARK [2][-]{subsection.4.1.3}{\376\377\000B\000o\000r\000n\000e\000s\000\040\000e\000t\000\040\000m\000a\000j\000o\000r\000a\000t\000i\000o\000n\000s}{section.4.1}% 36
\BOOKMARK [2][-]{subsection.4.1.4}{\376\377\000O\000r\000d\000r\000e\000\040\000b\000i\000e\000n\000\040\000f\000o\000n\000d\000\351\000\040\000e\000t\000\040\000b\000o\000n\000\040\000o\000r\000d\000r\000e}{section.4.1}% 37
\BOOKMARK [1][-]{section.4.2}{\376\377\000T\000r\000e\000i\000l\000l\000i\000s}{chapter.4}% 38
\BOOKMARK [2][-]{subsection.4.2.1}{\376\377\000D\000e\000m\000i\000-\000t\000r\000e\000i\000l\000l\000i\000s}{section.4.2}% 39
\BOOKMARK [2][-]{subsection.4.2.2}{\376\377\000T\000r\000e\000i\000l\000l\000i\000s}{section.4.2}% 40
\BOOKMARK [2][-]{subsection.4.2.3}{\376\377\000A\000l\000g\000\350\000b\000r\000e\000\040\000d\000e\000\040\000B\000o\000o\000l\000e}{section.4.2}% 41
\BOOKMARK [2][-]{subsection.4.2.4}{\376\377\000A\000l\000g\000\350\000b\000r\000e\000\040\000d\000e\000\040\000H\000e\000y\000t\000i\000n\000g}{section.4.2}% 42
\BOOKMARK [2][-]{subsection.4.2.5}{\376\377\000T\000r\000e\000i\000l\000l\000i\000s\000\040\000c\000o\000m\000p\000l\000e\000t}{section.4.2}% 43
\BOOKMARK [1][-]{section.4.3}{\376\377\000F\000i\000l\000t\000r\000e\000s}{chapter.4}% 44
\BOOKMARK [2][-]{subsection.4.3.1}{\376\377\000D\000\351\000f\000i\000n\000i\000t\000i\000o\000n\000s\000\040\000e\000t\000\040\000c\000a\000r\000a\000c\000t\000\351\000r\000i\000s\000a\000t\000i\000o\000n\000s}{section.4.3}% 45
\BOOKMARK [2][-]{subsection.4.3.2}{\376\377\000U\000l\000t\000r\000a\000f\000i\000l\000t\000r\000e}{section.4.3}% 46
\BOOKMARK [-1][-]{part.2}{\376\377\000I\000I\000\040\000T\000h\000\351\000o\000r\000i\000e\000\040\000d\000e\000s\000\040\000e\000n\000s\000e\000m\000b\000l\000e\000s}{}% 47
\BOOKMARK [0][-]{chapter.5}{\376\377\000F\000o\000r\000m\000a\000l\000i\000s\000e\000r\000\040\000l\000e\000s\000\040\000m\000a\000t\000h\000\351\000m\000a\000t\000i\000q\000u\000e\000s}{part.2}% 48
\BOOKMARK [1][-]{section.5.1}{\376\377\000A\000x\000i\000o\000m\000e\000s\000\040\000d\000e\000\040\000Z\000F\000C}{chapter.5}% 49
\BOOKMARK [2][-]{subsection.5.1.1}{\376\377\000P\000r\000e\000m\000i\000e\000r\000s\000\040\000a\000x\000i\000o\000m\000e\000s}{section.5.1}% 50
\BOOKMARK [2][-]{subsection.5.1.2}{\376\377\000L\000e\000s\000\040\000s\000c\000h\000\351\000m\000a\000s\000\040\000d\000'\000a\000x\000i\000o\000m\000e\000s}{section.5.1}% 51
\BOOKMARK [2][-]{subsection.5.1.3}{\376\377\000L\000'\000a\000x\000i\000o\000m\000e\000\040\000d\000e\000\040\000l\000'\000i\000n\000f\000i\000n\000i\000\040\000e\000t\000\040\000l\000e\000s\000\040\000e\000n\000t\000i\000e\000r\000s}{section.5.1}% 52
\BOOKMARK [2][-]{subsection.5.1.4}{\376\377\000A\000x\000i\000o\000m\000e\000\040\000d\000u\000\040\000c\000h\000o\000i\000x\000\040\000e\000t\000\040\000f\000o\000n\000c\000t\000i\000o\000n\000s}{section.5.1}% 53
\BOOKMARK [2][-]{subsection.5.1.5}{\376\377\000A\000x\000i\000o\000m\000e\000\040\000d\000e\000\040\000f\000o\000n\000d\000a\000t\000i\000o\000n}{section.5.1}% 54
\BOOKMARK [1][-]{section.5.2}{\376\377\000C\000o\000n\000s\000t\000r\000u\000c\000t\000i\000o\000n\000\040\000d\000e\000s\000\040\000a\000u\000t\000r\000e\000s\000\040\000e\000n\000s\000e\000m\000b\000l\000e\000s\000\040\000d\000e\000\040\000n\000o\000m\000b\000r\000e\000s}{chapter.5}% 55
\BOOKMARK [2][-]{subsection.5.2.1}{\376\377\000L\000e\000s\000\040\000e\000n\000t\000i\000e\000r\000s\000\040\000n\000a\000t\000u\000r\000e\000l\000s}{section.5.2}% 56
\BOOKMARK [-1][-]{part.3}{\376\377\000I\000I\000I\000\040\000T\000h\000\351\000o\000r\000i\000e\000\040\000d\000e\000s\000\040\000m\000o\000d\000\350\000l\000e\000s}{}% 57
\BOOKMARK [0][-]{chapter.6}{\376\377\000L\000a\000n\000g\000a\000g\000e\000,\000\040\000s\000t\000r\000u\000c\000t\000u\000r\000e\000s\000\040\000e\000t\000\040\000t\000h\000\351\000o\000r\000i\000e\000s}{part.3}% 58
